0 info it worked if it ends with ok
1 verbose cli [
1 verbose cli   '/usr/local/Cellar/node/13.8.0/bin/node',
1 verbose cli   '/usr/local/bin/npm',
1 verbose cli   'start'
1 verbose cli ]
2 info using npm@3.10.8
3 info using node@v13.8.0
4 verbose run-script [ 'prestart', 'start', 'poststart' ]
5 info lifecycle connect4@0.0.0~prestart: connect4@0.0.0
6 silly lifecycle connect4@0.0.0~prestart: no script for prestart, continuing
7 info lifecycle connect4@0.0.0~start: connect4@0.0.0
8 verbose lifecycle connect4@0.0.0~start: unsafe-perm in lifecycle true
9 verbose lifecycle connect4@0.0.0~start: PATH: /usr/local/lib/node_modules/npm/bin/node-gyp-bin:/Users/aindrila/Documents/Others/ECE 720 - Final Code/Connect4_TootOtto/node_modules/.bin:/usr/local/Cellar/node/13.8.0/bin:/Users/aindrila/.cargo/bin:/Library/Frameworks/Python.framework/Versions/3.7/bin:/Users/aindrila/anaconda2/bin:/Users/aindrila/anaconda/bin:/usr/local/bin:/usr/bin:/bin:/usr/sbin:/sbin:/Library/TeX/texbin:/usr/local/share/dotnet:~/.dotnet/tools:/Library/Frameworks/Mono.framework/Versions/Current/Commands
10 verbose lifecycle connect4@0.0.0~start: CWD: /Users/aindrila/Documents/Others/ECE 720 - Final Code/Connect4_TootOtto
11 silly lifecycle connect4@0.0.0~start: Args: [ '-c', 'node ./bin/www' ]
12 silly lifecycle connect4@0.0.0~start: Returned: code: 1  signal: null
13 info lifecycle connect4@0.0.0~start: Failed to exec start script
14 verbose stack Error: connect4@0.0.0 start: `node ./bin/www`
14 verbose stack Exit status 1
14 verbose stack     at EventEmitter.<anonymous> (/usr/local/lib/node_modules/npm/lib/utils/lifecycle.js:255:16)
14 verbose stack     at EventEmitter.emit (events.js:321:20)
14 verbose stack     at ChildProcess.<anonymous> (/usr/local/lib/node_modules/npm/lib/utils/spawn.js:40:14)
14 verbose stack     at ChildProcess.emit (events.js:321:20)
14 verbose stack     at maybeClose (internal/child_process.js:1026:16)
14 verbose stack     at Process.ChildProcess._handle.onexit (internal/child_process.js:286:5)
15 verbose pkgid connect4@0.0.0
16 verbose cwd /Users/aindrila/Documents/Others/ECE 720 - Final Code/Connect4_TootOtto
17 error Darwin 18.7.0
18 error argv "/usr/local/Cellar/node/13.8.0/bin/node" "/usr/local/bin/npm" "start"
19 error node v13.8.0
20 error npm  v3.10.8
21 error code ELIFECYCLE
22 error connect4@0.0.0 start: `node ./bin/www`
22 error Exit status 1
23 error Failed at the connect4@0.0.0 start script 'node ./bin/www'.
23 error Make sure you have the latest version of node.js and npm installed.
23 error If you do, this is most likely a problem with the connect4 package,
23 error not with npm itself.
23 error Tell the author that this fails on your system:
23 error     node ./bin/www
23 error You can get information on how to open an issue for this project with:
23 error     npm bugs connect4
23 error Or if that isn't available, you can get their info via:
23 error     npm owner ls connect4
23 error There is likely additional logging output above.
24 verbose exit [ 1, true ]
